CUDA is a parallel computing platform for computing on GPUs, https://developer.nvidia.com/cuda-toolkit
prepending to __UENV: cuda-11.4.4
setting env CUDA_HOME=/usr/local/_cuda/cuda-11.4.4_ubuntu22
prepending to PATH: /usr/local/_cuda/cuda-11.4.4_ubuntu22/bin
prepending to LD_LIBRARY_PATH: /usr/local/_cuda/cuda-11.4.4_ubuntu22/lib64


A GPU-accelerated library of primitives for deep neural networks, https://developer.nvidia.com/cudnn
prepending to __UENV: cudnn-11.x-8.8.0
prepending to LD_LIBRARY_PATH: /usr/local/_cuda/cudnn-11.x-8.8.0/lib



Python 3.11.5
2025-04-01 21:45:17,116 [INFO] Using device: cuda
2025-04-01 21:45:17,166 [INFO] GPU: NVIDIA A100-PCIE-40GB
2025-04-01 21:45:17,168 [INFO] Loading dataset...
2025-04-01 21:45:19,664 [INFO] PyTorch version 2.6.0 available.
Loaded 1587 images across 1186 identities.
2025-04-01 21:45:23,280 [INFO] Loading pretrained weights from Hugging Face hub (timm/resnet18.a1_in1k)
2025-04-01 21:45:23,491 [INFO] [timm/resnet18.a1_in1k] Safe alternative available for 'pytorch_model.bin' (as 'model.safetensors'). Loading weights using safetensors.
/mnt/beegfs/home/aleks99/DAT550-Animal-CLEF/shell_scripts/../model/arg_run.py:129: FutureWarning: `torch.cuda.amp.GradScaler(args...)` is deprecated. Please use `torch.amp.GradScaler('cuda', args...)` instead.
  scaler = GradScaler()
/home/stud/aleks99/.local/lib/python3.11/site-packages/torch/optim/lr_scheduler.py:62: UserWarning: The verbose parameter is deprecated. Please use get_last_lr() to access the learning rate.
  warnings.warn(
2025-04-01 21:45:24,703 [INFO] Started epoch 1
/mnt/beegfs/home/aleks99/DAT550-Animal-CLEF/shell_scripts/../model/arg_run.py:50: FutureWarning: `torch.cuda.amp.autocast(args...)` is deprecated. Please use `torch.amp.autocast('cuda', args...)` instead.
  with autocast():
2025-04-01 21:46:13,698 [INFO] [Epoch 1] ArcFace Loss: 14.6458
2025-04-01 21:46:13,701 [INFO]  Epoch time: 49.00 sec
2025-04-01 21:46:13,865 [INFO]  Saved new best model at epoch 1
2025-04-01 21:46:13,867 [INFO] Started epoch 2
slurmstepd: error: *** JOB 403564 ON gorina8 CANCELLED AT 2025-04-01T21:46:25 ***
