CUDA is a parallel computing platform for computing on GPUs, https://developer.nvidia.com/cuda-toolkit
prepending to __UENV: cuda-11.4.4
setting env CUDA_HOME=/usr/local/_cuda/cuda-11.4.4_ubuntu22
prepending to PATH: /usr/local/_cuda/cuda-11.4.4_ubuntu22/bin
prepending to LD_LIBRARY_PATH: /usr/local/_cuda/cuda-11.4.4_ubuntu22/lib64


A GPU-accelerated library of primitives for deep neural networks, https://developer.nvidia.com/cudnn
prepending to __UENV: cudnn-11.x-8.8.0
prepending to LD_LIBRARY_PATH: /usr/local/_cuda/cudnn-11.x-8.8.0/lib



Python 3.11.5
2025-04-02 12:40:28,661 [INFO] Using device: cuda
2025-04-02 12:40:28,663 [INFO] Using remote paths
2025-04-02 12:40:28,665 [INFO] Data root: /home/stud/aleks99/.cache/kagglehub/datasets/wildlifedatasets/wildlifereid-10k/versions/6
2025-04-02 12:40:28,666 [INFO] Save path: /home/stud/aleks99/bhome/DAT550-Animal-CLEF/model_data/bbresnet18_bz64_e30_lr0.001_m4_r160_n140000/
2025-04-02 12:40:28,742 [INFO] GPU: NVIDIA A100-PCIE-40GB
2025-04-02 12:40:28,744 [INFO] Loading dataset...
2025-04-02 12:40:33,879 [INFO] PyTorch version 2.6.0 available.
Loaded 111897 images across 9826 identities.
2025-04-02 12:40:45,493 [INFO] Dataset split: 89518 training samples, 22379 validation samples
2025-04-02 12:40:45,727 [INFO] Loading pretrained weights from Hugging Face hub (timm/resnet18.a1_in1k)
2025-04-02 12:40:45,991 [INFO] [timm/resnet18.a1_in1k] Safe alternative available for 'pytorch_model.bin' (as 'model.safetensors'). Loading weights using safetensors.
/mnt/beegfs/home/aleks99/DAT550-Animal-CLEF/shell_scripts/../model/arg_run.py:201: FutureWarning: `torch.cuda.amp.GradScaler(args...)` is deprecated. Please use `torch.amp.GradScaler('cuda', args...)` instead.
  scaler = GradScaler()
/home/stud/aleks99/.local/lib/python3.11/site-packages/torch/optim/lr_scheduler.py:62: UserWarning: The verbose parameter is deprecated. Please use get_last_lr() to access the learning rate.
  warnings.warn(
2025-04-02 12:40:47,374 [INFO] Started epoch 1
/mnt/beegfs/home/aleks99/DAT550-Animal-CLEF/shell_scripts/../model/arg_run.py:59: FutureWarning: `torch.cuda.amp.autocast(args...)` is deprecated. Please use `torch.amp.autocast('cuda', args...)` instead.
  with autocast():
/mnt/beegfs/home/aleks99/DAT550-Animal-CLEF/shell_scripts/../model/arg_run.py:80: FutureWarning: `torch.cuda.amp.autocast(args...)` is deprecated. Please use `torch.amp.autocast('cuda', args...)` instead.
  with autocast():
2025-04-02 13:19:12,391 [INFO] [Epoch 1] Train Loss: 12.0706, Val Loss: 11.4415
2025-04-02 13:19:12,393 [INFO]  Epoch time: 2305.02 sec
2025-04-02 13:19:12,569 [INFO]  Saved new best model at epoch 1
2025-04-02 13:19:12,572 [INFO] Started epoch 2
2025-04-02 14:00:08,494 [INFO] [Epoch 2] Train Loss: 11.3103, Val Loss: 10.7339
2025-04-02 14:00:08,496 [INFO]  Epoch time: 2455.92 sec
2025-04-02 14:00:08,625 [INFO]  Saved new best model at epoch 2
2025-04-02 14:00:08,627 [INFO] Started epoch 3
2025-04-02 14:41:09,688 [INFO] [Epoch 3] Train Loss: 10.1275, Val Loss: 9.8780
2025-04-02 14:41:09,690 [INFO]  Epoch time: 2461.06 sec
2025-04-02 14:41:09,822 [INFO]  Saved new best model at epoch 3
2025-04-02 14:41:09,824 [INFO] Started epoch 4
2025-04-02 15:19:54,225 [INFO] [Epoch 4] Train Loss: 7.7419, Val Loss: 8.9126
2025-04-02 15:19:54,227 [INFO]  Epoch time: 2324.40 sec
2025-04-02 15:19:54,371 [INFO]  Saved new best model at epoch 4
2025-04-02 15:19:54,373 [INFO] Started epoch 5
2025-04-02 15:57:43,280 [INFO] [Epoch 5] Train Loss: 5.3877, Val Loss: 8.1742
2025-04-02 15:57:43,282 [INFO]  Epoch time: 2268.91 sec
2025-04-02 15:57:43,411 [INFO]  Saved new best model at epoch 5
2025-04-02 15:57:43,413 [INFO] Started epoch 6
2025-04-02 16:34:30,137 [INFO] [Epoch 6] Train Loss: 3.8534, Val Loss: 7.6046
2025-04-02 16:34:30,139 [INFO]  Epoch time: 2206.73 sec
2025-04-02 16:34:30,278 [INFO]  Saved new best model at epoch 6
2025-04-02 16:34:30,280 [INFO] Started epoch 7
2025-04-02 17:11:04,211 [INFO] [Epoch 7] Train Loss: 2.8816, Val Loss: 7.3223
2025-04-02 17:11:04,213 [INFO]  Epoch time: 2193.93 sec
2025-04-02 17:11:04,351 [INFO]  Saved new best model at epoch 7
2025-04-02 17:11:04,353 [INFO] Started epoch 8
2025-04-02 17:47:31,934 [INFO] [Epoch 8] Train Loss: 2.2653, Val Loss: 6.9841
2025-04-02 17:47:31,935 [INFO]  Epoch time: 2187.58 sec
2025-04-02 17:47:32,067 [INFO]  Saved new best model at epoch 8
2025-04-02 17:47:32,068 [INFO] Started epoch 9
2025-04-02 18:24:09,784 [INFO] [Epoch 9] Train Loss: 1.8230, Val Loss: 6.7533
2025-04-02 18:24:09,786 [INFO]  Epoch time: 2197.72 sec
2025-04-02 18:24:09,913 [INFO]  Saved new best model at epoch 9
2025-04-02 18:24:09,915 [INFO] Started epoch 10
2025-04-02 18:59:56,918 [INFO] [Epoch 10] Train Loss: 1.4918, Val Loss: 6.6310
2025-04-02 18:59:56,920 [INFO]  Epoch time: 2147.01 sec
2025-04-02 18:59:57,053 [INFO]  Saved new best model at epoch 10
2025-04-02 18:59:57,055 [INFO] Started epoch 11
2025-04-02 19:35:53,086 [INFO] [Epoch 11] Train Loss: 1.2814, Val Loss: 6.4937
2025-04-02 19:35:53,088 [INFO]  Epoch time: 2156.03 sec
2025-04-02 19:35:53,236 [INFO]  Saved new best model at epoch 11
2025-04-02 19:35:53,237 [INFO] Started epoch 12
2025-04-02 20:11:51,298 [INFO] [Epoch 12] Train Loss: 1.0609, Val Loss: 6.3315
2025-04-02 20:11:51,300 [INFO]  Epoch time: 2158.06 sec
2025-04-02 20:11:51,439 [INFO]  Saved new best model at epoch 12
2025-04-02 20:11:51,441 [INFO] Started epoch 13
2025-04-02 20:47:38,822 [INFO] [Epoch 13] Train Loss: 0.9114, Val Loss: 6.2602
2025-04-02 20:47:38,824 [INFO]  Epoch time: 2147.38 sec
2025-04-02 20:47:38,956 [INFO]  Saved new best model at epoch 13
2025-04-02 20:47:38,957 [INFO] Started epoch 14
2025-04-02 21:23:31,524 [INFO] [Epoch 14] Train Loss: 0.8090, Val Loss: 6.2308
2025-04-02 21:23:31,525 [INFO]  Epoch time: 2152.57 sec
2025-04-02 21:23:31,652 [INFO]  Saved new best model at epoch 14
2025-04-02 21:23:31,654 [INFO] Started epoch 15
2025-04-02 21:59:31,205 [INFO] [Epoch 15] Train Loss: 0.7096, Val Loss: 6.0997
2025-04-02 21:59:31,207 [INFO]  Epoch time: 2159.55 sec
2025-04-02 21:59:31,335 [INFO]  Saved new best model at epoch 15
2025-04-02 21:59:31,337 [INFO] Started epoch 16
2025-04-02 22:35:33,172 [INFO] [Epoch 16] Train Loss: 0.6295, Val Loss: 6.0726
2025-04-02 22:35:33,174 [INFO]  Epoch time: 2161.84 sec
2025-04-02 22:35:33,301 [INFO]  Saved new best model at epoch 16
2025-04-02 22:35:33,303 [INFO] Started epoch 17
2025-04-02 23:11:28,565 [INFO] [Epoch 17] Train Loss: 0.5687, Val Loss: 6.0284
2025-04-02 23:11:28,567 [INFO]  Epoch time: 2155.26 sec
2025-04-02 23:11:28,706 [INFO]  Saved new best model at epoch 17
2025-04-02 23:11:28,708 [INFO] Started epoch 18
2025-04-02 23:47:13,945 [INFO] [Epoch 18] Train Loss: 0.4931, Val Loss: 5.9391
2025-04-02 23:47:13,947 [INFO]  Epoch time: 2145.24 sec
2025-04-02 23:47:14,077 [INFO]  Saved new best model at epoch 18
2025-04-02 23:47:14,079 [INFO] Started epoch 19
2025-04-03 00:23:24,727 [INFO] [Epoch 19] Train Loss: 0.4569, Val Loss: 5.9479
2025-04-03 00:23:24,729 [INFO]  Epoch time: 2170.65 sec
2025-04-03 00:23:24,736 [INFO] Started epoch 20
2025-04-03 00:59:28,621 [INFO] [Epoch 20] Train Loss: 0.4133, Val Loss: 5.8879
2025-04-03 00:59:28,623 [INFO]  Epoch time: 2163.89 sec
2025-04-03 00:59:28,742 [INFO]  Saved new best model at epoch 20
2025-04-03 00:59:28,743 [INFO] Started epoch 21
2025-04-03 01:35:28,335 [INFO] [Epoch 21] Train Loss: 0.3762, Val Loss: 5.8638
2025-04-03 01:35:28,338 [INFO]  Epoch time: 2159.59 sec
2025-04-03 01:35:28,481 [INFO]  Saved new best model at epoch 21
2025-04-03 01:35:28,483 [INFO] Started epoch 22
2025-04-03 02:11:26,910 [INFO] [Epoch 22] Train Loss: 0.3519, Val Loss: 5.8538
2025-04-03 02:11:26,913 [INFO]  Epoch time: 2158.43 sec
2025-04-03 02:11:27,043 [INFO]  Saved new best model at epoch 22
2025-04-03 02:11:27,045 [INFO] Started epoch 23
2025-04-03 02:47:24,731 [INFO] [Epoch 23] Train Loss: 0.3192, Val Loss: 5.8852
2025-04-03 02:47:24,733 [INFO]  Epoch time: 2157.69 sec
2025-04-03 02:47:24,741 [INFO] Started epoch 24
2025-04-03 03:23:09,690 [INFO] [Epoch 24] Train Loss: 0.2991, Val Loss: 5.7868
2025-04-03 03:23:09,692 [INFO]  Epoch time: 2144.95 sec
2025-04-03 03:23:09,820 [INFO]  Saved new best model at epoch 24
2025-04-03 03:23:09,822 [INFO] Started epoch 25
2025-04-03 03:58:58,257 [INFO] [Epoch 25] Train Loss: 0.2735, Val Loss: 5.8065
2025-04-03 03:58:58,259 [INFO]  Epoch time: 2148.44 sec
2025-04-03 03:58:58,268 [INFO] Started epoch 26
2025-04-03 04:35:08,459 [INFO] [Epoch 26] Train Loss: 0.2620, Val Loss: 5.8789
2025-04-03 04:35:08,461 [INFO]  Epoch time: 2170.19 sec
2025-04-03 04:35:08,471 [INFO] Started epoch 27
2025-04-03 05:11:04,912 [INFO] [Epoch 27] Train Loss: 0.2345, Val Loss: 5.8091
2025-04-03 05:11:04,913 [INFO]  Epoch time: 2156.44 sec
2025-04-03 05:11:04,922 [INFO] Started epoch 28
2025-04-03 05:47:06,582 [INFO] [Epoch 28] Train Loss: 0.1366, Val Loss: 5.4883
2025-04-03 05:47:06,584 [INFO]  Epoch time: 2161.66 sec
2025-04-03 05:47:06,704 [INFO]  Saved new best model at epoch 28
2025-04-03 05:47:06,706 [INFO] Started epoch 29
2025-04-03 06:23:16,900 [INFO] [Epoch 29] Train Loss: 0.0999, Val Loss: 5.4234
2025-04-03 06:23:16,918 [INFO]  Epoch time: 2170.21 sec
2025-04-03 06:23:17,049 [INFO]  Saved new best model at epoch 29
2025-04-03 06:23:17,051 [INFO] Started epoch 30
2025-04-03 06:59:27,113 [INFO] [Epoch 30] Train Loss: 0.0884, Val Loss: 5.3937
2025-04-03 06:59:27,115 [INFO]  Epoch time: 2170.06 sec
2025-04-03 06:59:27,245 [INFO]  Saved new best model at epoch 30
